<?xml version="1.0" encoding="UTF-8"?>
<!-- Generated by org.testng.reporters.JUnitReportReporter -->
<testsuite hostname="Manohar-PC" name="PORTALSuite" tests="25" failures="4" timestamp="12 Sep 2014 05:58:20 GMT" time="2955.090" errors="0">
  <testcase name="Test21_Verify_MessageCenter_inArchives" time="226.972" classname="PORTALSuite"/>
  <testcase name="Test05_Verify_Uploading_IllegalFile_And_Upload_information_validation_inReportViewer" time="49.884" classname="PORTALSuite"/>
  <testcase name="Test06_Verify_Uploading_A_ValidFile_inProofing" time="44.856" classname="PORTALSuite"/>
  <testcase name="Test01_Verify_Uploading_A_ValidFile_inReportViewer" time="104.065" classname="PORTALSuite"/>
  <testcase name="Test03_Verify_ReportViewer_Functionality_basedon_Various_SearchMethods" time="104.740" classname="PORTALSuite"/>
  <testcase name="Test02_Verify_Uploading_Multiple_ValidFiles_inReportViewer" time="56.111" classname="PORTALSuite"/>
  <testcase name="Test14_Verify_view_audits_withComments_and_Validating_theSame" time="140.738" classname="PORTALSuite"/>
  <testcase name="Test16_Verify_theSimpleSearch_in_Archives" time="297.430" classname="PORTALSuite">
    <failure type="java.lang.Exception" message="Selecting the simple search radio button is failed">
      <![CDATA[java.lang.Exception: Selecting the simple search radio button is failed
	at AdminConfig.ChangetoSimpleSrch(AdminConfig.java:244)
	at TestS_016.test16(TestS_016.java:28)
	at PORTALSuite.Test16_Verify_theSimpleSearch_in_Archives(PORTALSuite.java:245)
	at sun.reflect.NativeMethodAccessorImpl.invoke0(Native Method)
	at sun.reflect.NativeMethodAccessorImpl.invoke(Unknown Source)
	at sun.reflect.DelegatingMethodAccessorImpl.invoke(Unknown Source)
	at java.lang.reflect.Method.invoke(Unknown Source)
	at org.testng.internal.MethodInvocationHelper.invokeMethod(MethodInvocationHelper.java:84)
	at org.testng.internal.Invoker.invokeMethod(Invoker.java:714)
	at org.testng.internal.Invoker.invokeTestMethod(Invoker.java:901)
	at org.testng.internal.Invoker.invokeTestMethods(Invoker.java:1231)
	at org.testng.internal.TestMethodWorker.invokeTestMethods(TestMethodWorker.java:127)
	at org.testng.internal.TestMethodWorker.run(TestMethodWorker.java:111)
	at org.testng.TestRunner.privateRun(TestRunner.java:767)
	at org.testng.TestRunner.run(TestRunner.java:617)
	at org.testng.SuiteRunner.runTest(SuiteRunner.java:334)
	at org.testng.SuiteRunner.runSequentially(SuiteRunner.java:329)
	at org.testng.SuiteRunner.privateRun(SuiteRunner.java:291)
	at org.testng.SuiteRunner.run(SuiteRunner.java:240)
	at org.testng.SuiteRunnerWorker.runSuite(SuiteRunnerWorker.java:52)
	at org.testng.SuiteRunnerWorker.run(SuiteRunnerWorker.java:86)
	at org.testng.TestNG.runSuitesSequentially(TestNG.java:1224)
	at org.testng.TestNG.runSuitesLocally(TestNG.java:1149)
	at org.testng.TestNG.run(TestNG.java:1057)
	at org.testng.remote.RemoteTestNG.run(RemoteTestNG.java:111)
	at org.testng.remote.RemoteTestNG.initAndRun(RemoteTestNG.java:204)
	at org.testng.remote.RemoteTestNG.main(RemoteTestNG.java:175)
]]>
    </failure>
  </testcase> <!-- Test16_Verify_theSimpleSearch_in_Archives -->
  <testcase name="Test18_Verify_theVarious_SearchDocuments_methods_ineDeliveryApplication" time="0.366" classname="PORTALSuite">
    <failure type="org.testng.SkipException" message="Skipping Test18 - User opted to skip this test ">
      <![CDATA[org.testng.SkipException: Skipping Test18 - User opted to skip this test 
	at PORTALSuite.Test18_Verify_theVarious_SearchDocuments_methods_ineDeliveryApplication(PORTALSuite.java:273)
	at sun.reflect.NativeMethodAccessorImpl.invoke0(Native Method)
	at sun.reflect.NativeMethodAccessorImpl.invoke(Unknown Source)
	at sun.reflect.DelegatingMethodAccessorImpl.invoke(Unknown Source)
	at java.lang.reflect.Method.invoke(Unknown Source)
	at org.testng.internal.MethodInvocationHelper.invokeMethod(MethodInvocationHelper.java:84)
	at org.testng.internal.Invoker.invokeMethod(Invoker.java:714)
	at org.testng.internal.Invoker.invokeTestMethod(Invoker.java:901)
	at org.testng.internal.Invoker.invokeTestMethods(Invoker.java:1231)
	at org.testng.internal.TestMethodWorker.invokeTestMethods(TestMethodWorker.java:127)
	at org.testng.internal.TestMethodWorker.run(TestMethodWorker.java:111)
	at org.testng.TestRunner.privateRun(TestRunner.java:767)
	at org.testng.TestRunner.run(TestRunner.java:617)
	at org.testng.SuiteRunner.runTest(SuiteRunner.java:334)
	at org.testng.SuiteRunner.runSequentially(SuiteRunner.java:329)
	at org.testng.SuiteRunner.privateRun(SuiteRunner.java:291)
	at org.testng.SuiteRunner.run(SuiteRunner.java:240)
	at org.testng.SuiteRunnerWorker.runSuite(SuiteRunnerWorker.java:52)
	at org.testng.SuiteRunnerWorker.run(SuiteRunnerWorker.java:86)
	at org.testng.TestNG.runSuitesSequentially(TestNG.java:1224)
	at org.testng.TestNG.runSuitesLocally(TestNG.java:1149)
	at org.testng.TestNG.run(TestNG.java:1057)
	at org.testng.remote.RemoteTestNG.run(RemoteTestNG.java:111)
	at org.testng.remote.RemoteTestNG.initAndRun(RemoteTestNG.java:204)
	at org.testng.remote.RemoteTestNG.main(RemoteTestNG.java:175)
]]>
    </failure>
  </testcase> <!-- Test18_Verify_theVarious_SearchDocuments_methods_ineDeliveryApplication -->
  <testcase name="Test13_Verify_TheNegativeCases_of_AdvancedSearch_in_auditPage" time="42.702" classname="PORTALSuite"/>
  <testcase name="Test11_Verify_Change_in_proofStatus_to_Approve_and_Reject_with_commentsOrupload" time="64.928" classname="PORTALSuite"/>
  <testcase name="Test09_Verify_ViewProofs_Functionality_basedon_Various_SearchMethods" time="90.589" classname="PORTALSuite"/>
  <testcase name="Test08_Verify_Uploading_IllegalFile_And_Upload_information_validation_inProofing" time="31.550" classname="PORTALSuite"/>
  <testcase name="Test40_Verify_SSOscript_PDFfileOpened_whenClicking_onViewPDFLink_AfterClicking_on_Submit_withLatest_DateAndTime" time="36.814" classname="PORTALSuite"/>
  <testcase name="Test20_Verify_FileManagementbeta_inArchives" time="194.658" classname="PORTALSuite"/>
  <testcase name="Test10_Verify_ProofEdit_ProofDelete_NegativeCases_of_AdvancedSearch_Functionality" time="50.542" classname="PORTALSuite">
    <failure type="java.lang.Exception" message="Clicking on the proof type dropdown in edit link under choose actions list is failed">
      <![CDATA[java.lang.Exception: Clicking on the proof type dropdown in edit link under choose actions list is failed
	at ViewProofs.editinternal(ViewProofs.java:823)
	at ViewProofs.editProofing(ViewProofs.java:684)
	at TestS_010.test10(TestS_010.java:33)
	at PORTALSuite.Test10_Verify_ProofEdit_ProofDelete_NegativeCases_of_AdvancedSearch_Functionality(PORTALSuite.java:149)
	at sun.reflect.NativeMethodAccessorImpl.invoke0(Native Method)
	at sun.reflect.NativeMethodAccessorImpl.invoke(Unknown Source)
	at sun.reflect.DelegatingMethodAccessorImpl.invoke(Unknown Source)
	at java.lang.reflect.Method.invoke(Unknown Source)
	at org.testng.internal.MethodInvocationHelper.invokeMethod(MethodInvocationHelper.java:84)
	at org.testng.internal.Invoker.invokeMethod(Invoker.java:714)
	at org.testng.internal.Invoker.invokeTestMethod(Invoker.java:901)
	at org.testng.internal.Invoker.invokeTestMethods(Invoker.java:1231)
	at org.testng.internal.TestMethodWorker.invokeTestMethods(TestMethodWorker.java:127)
	at org.testng.internal.TestMethodWorker.run(TestMethodWorker.java:111)
	at org.testng.TestRunner.privateRun(TestRunner.java:767)
	at org.testng.TestRunner.run(TestRunner.java:617)
	at org.testng.SuiteRunner.runTest(SuiteRunner.java:334)
	at org.testng.SuiteRunner.runSequentially(SuiteRunner.java:329)
	at org.testng.SuiteRunner.privateRun(SuiteRunner.java:291)
	at org.testng.SuiteRunner.run(SuiteRunner.java:240)
	at org.testng.SuiteRunnerWorker.runSuite(SuiteRunnerWorker.java:52)
	at org.testng.SuiteRunnerWorker.run(SuiteRunnerWorker.java:86)
	at org.testng.TestNG.runSuitesSequentially(TestNG.java:1224)
	at org.testng.TestNG.runSuitesLocally(TestNG.java:1149)
	at org.testng.TestNG.run(TestNG.java:1057)
	at org.testng.remote.RemoteTestNG.run(RemoteTestNG.java:111)
	at org.testng.remote.RemoteTestNG.initAndRun(RemoteTestNG.java:204)
	at org.testng.remote.RemoteTestNG.main(RemoteTestNG.java:175)
]]>
    </failure>
  </testcase> <!-- Test10_Verify_ProofEdit_ProofDelete_NegativeCases_of_AdvancedSearch_Functionality -->
  <testcase name="Test04_Verify_NegativeCases_of_AdvancedSearch_Functionality_inReportViewer" time="306.864" classname="PORTALSuite">
    <failure type="org.openqa.selenium.TimeoutException" message="timeout: Timed out receiving message from renderer: 299.043
  (Session info: chrome=37.0.2062.103)
  (Driver info: chromedriver=2.9.248315,platform=Windows NT 6.1 SP1 x86_64) (WARNING: The server did not provide any stacktrace information)
Command duration or timeout: 305.37 seconds
Build info: version: &#039;2.40.0&#039;, revision: &#039;fbe29a9&#039;, time: &#039;2014-02-19 20:55:11&#039;
System info: host: &#039;Manohar-PC&#039;, ip: &#039;172.16.6.131&#039;, os.name: &#039;Windows 7&#039;, os.arch: &#039;amd64&#039;, os.version: &#039;6.1&#039;, java.version: &#039;1.7.0_51&#039;
Session ID: 72004657385f25a1be2d34758acac752
Driver info: org.openqa.selenium.chrome.ChromeDriver
Capabilities [{platform=XP, acceptSslCerts=true, javascriptEnabled=true, browserName=chrome, chrome={userDataDir=C:\Users\Manohar\AppData\Local\Temp\scoped_dir816_4850}, rotatable=false, locationContextEnabled=true, version=37.0.2062.103, takesHeapSnapshot=true, cssSelectorsEnabled=true, databaseEnabled=false, handlesAlerts=true, browserConnectionEnabled=false, nativeEvents=true, webStorageEnabled=true, applicationCacheEnabled=false, takesScreenshot=true}]">
      <![CDATA[org.openqa.selenium.TimeoutException: timeout: Timed out receiving message from renderer: 299.043
  (Session info: chrome=37.0.2062.103)
  (Driver info: chromedriver=2.9.248315,platform=Windows NT 6.1 SP1 x86_64) (WARNING: The server did not provide any stacktrace information)
Command duration or timeout: 305.37 seconds
Build info: version: '2.40.0', revision: 'fbe29a9', time: '2014-02-19 20:55:11'
System info: host: 'Manohar-PC', ip: '172.16.6.131', os.name: 'Windows 7', os.arch: 'amd64', os.version: '6.1', java.version: '1.7.0_51'
Session ID: 72004657385f25a1be2d34758acac752
Driver info: org.openqa.selenium.chrome.ChromeDriver
Capabilities [{platform=XP, acceptSslCerts=true, javascriptEnabled=true, browserName=chrome, chrome={userDataDir=C:\Users\Manohar\AppData\Local\Temp\scoped_dir816_4850}, rotatable=false, locationContextEnabled=true, version=37.0.2062.103, takesHeapSnapshot=true, cssSelectorsEnabled=true, databaseEnabled=false, handlesAlerts=true, browserConnectionEnabled=false, nativeEvents=true, webStorageEnabled=true, applicationCacheEnabled=false, takesScreenshot=true}]
	at sun.reflect.NativeConstructorAccessorImpl.newInstance0(Native Method)
	at sun.reflect.NativeConstructorAccessorImpl.newInstance(Unknown Source)
	at sun.reflect.DelegatingConstructorAccessorImpl.newInstance(Unknown Source)
	at java.lang.reflect.Constructor.newInstance(Unknown Source)
	at org.openqa.selenium.remote.ErrorHandler.createThrowable(ErrorHandler.java:193)
	at org.openqa.selenium.remote.ErrorHandler.throwIfResponseFailed(ErrorHandler.java:145)
	at org.openqa.selenium.remote.RemoteWebDriver.execute(RemoteWebDriver.java:573)
	at org.openqa.selenium.remote.RemoteWebDriver.executeScript(RemoteWebDriver.java:482)
	at ViewReport.reportViewer(ViewReport.java:57)
	at TestS_004.test4(TestS_004.java:20)
	at PORTALSuite.Test04_Verify_NegativeCases_of_AdvancedSearch_Functionality_inReportViewer(PORTALSuite.java:59)
	at sun.reflect.NativeMethodAccessorImpl.invoke0(Native Method)
	at sun.reflect.NativeMethodAccessorImpl.invoke(Unknown Source)
	at sun.reflect.DelegatingMethodAccessorImpl.invoke(Unknown Source)
	at java.lang.reflect.Method.invoke(Unknown Source)
	at org.testng.internal.MethodInvocationHelper.invokeMethod(MethodInvocationHelper.java:84)
	at org.testng.internal.Invoker.invokeMethod(Invoker.java:714)
	at org.testng.internal.Invoker.invokeTestMethod(Invoker.java:901)
	at org.testng.internal.Invoker.invokeTestMethods(Invoker.java:1231)
	at org.testng.internal.TestMethodWorker.invokeTestMethods(TestMethodWorker.java:127)
	at org.testng.internal.TestMethodWorker.run(TestMethodWorker.java:111)
	at org.testng.TestRunner.privateRun(TestRunner.java:767)
	at org.testng.TestRunner.run(TestRunner.java:617)
	at org.testng.SuiteRunner.runTest(SuiteRunner.java:334)
	at org.testng.SuiteRunner.runSequentially(SuiteRunner.java:329)
	at org.testng.SuiteRunner.privateRun(SuiteRunner.java:291)
	at org.testng.SuiteRunner.run(SuiteRunner.java:240)
	at org.testng.SuiteRunnerWorker.runSuite(SuiteRunnerWorker.java:52)
	at org.testng.SuiteRunnerWorker.run(SuiteRunnerWorker.java:86)
	at org.testng.TestNG.runSuitesSequentially(TestNG.java:1224)
	at org.testng.TestNG.runSuitesLocally(TestNG.java:1149)
	at org.testng.TestNG.run(TestNG.java:1057)
	at org.testng.remote.RemoteTestNG.run(RemoteTestNG.java:111)
	at org.testng.remote.RemoteTestNG.initAndRun(RemoteTestNG.java:204)
	at org.testng.remote.RemoteTestNG.main(RemoteTestNG.java:175)
]]>
    </failure>
  </testcase> <!-- Test04_Verify_NegativeCases_of_AdvancedSearch_Functionality_inReportViewer -->
  <testcase name="Test39_Verify_SSOscript_XMLRenamed_From_aspx_AfterClicking_on_Submit_withLatest_DateAndTime" time="20.938" classname="PORTALSuite"/>
  <testcase name="Test19_Verify_thebulkActions_and_proofEnhancements" time="205.064" classname="PORTALSuite"/>
  <testcase name="Test37_Verify_FileManagementbeta_Delete_inArchives" time="69.203" classname="PORTALSuite"/>
  <testcase name="Test17_Verify_theAdvancedSearch_in_Archives" time="322.302" classname="PORTALSuite"/>
  <testcase name="Test15_Verify_theChange_in_status_of_audits" time="229.967" classname="PORTALSuite"/>
  <testcase name="Test12_Verify_TheAudit_Search_based_on_various_Search_methods" time="158.287" classname="PORTALSuite"/>
  <testcase name="Test38_Verify_SSOscript_PDFfileOpened_whenClicking_on_Submit_withLatest_DateAndTime" time="36.840" classname="PORTALSuite"/>
  <testcase name="Test07_Verify_Uploading_Multiple_ValidFiles_inProofing" time="68.680" classname="PORTALSuite"/>
</testsuite> <!-- PORTALSuite -->
